06/02/2023 10:46:02:200 ERROR - In Progress | session id:sess9837796 | BloodBank:RegionSelection |  | com.avaya.sce.runtimecommon.SCERuntimeException: Unable to get session variable: AudioURLs:ChennaiNorth | Exception stack trace | Error processing request
 EXCEPTION> 
com.avaya.sce.runtimecommon.SCERuntimeException: Unable to get session variable: AudioURLs:ChennaiNorth
	at com.avaya.sce.runtime.PhraseVariableElement.getPhrase(PhraseVariableElement.java:257)
	at com.avaya.sce.runtime.PhraseVariableElement.getPhrases(PhraseVariableElement.java:360)
	at com.avaya.sce.runtime.vxml.OutputGenerator.promptMiddle(OutputGenerator.java:1048)
	at com.avaya.sce.runtime.Prompt.generate(Prompt.java:292)
	at com.avaya.sce.runtime.Menu.handleRequest(Menu.java:239)
	at com.avaya.sce.runtime.AppDocument.processRequest(AppDocument.java:343)
	at com.avaya.sce.runtime.SCEServlet.requestHandler(SCEServlet.java:247)
	at com.avaya.sce.runtime.SCEServlet.doPost(SCEServlet.java:148)
	at javax.servlet.http.HttpServlet.service(HttpServlet.java:652)
	at javax.servlet.http.HttpServlet.service(HttpServlet.java:733)
	at org.apache.catalina.core.ApplicationFilterChain.internalDoFilter(ApplicationFilterChain.java:231)
	at org.apache.catalina.core.ApplicationFilterChain.doFilter(ApplicationFilterChain.java:166)
	at org.apache.tomcat.websocket.server.WsFilter.doFilter(WsFilter.java:53)
	at org.apache.catalina.core.ApplicationFilterChain.internalDoFilter(ApplicationFilterChain.java:193)
	at org.apache.catalina.core.ApplicationFilterChain.doFilter(ApplicationFilterChain.java:166)
	at org.apache.logging.log4j.web.Log4jServletFilter.doFilter(Log4jServletFilter.java:71)
	at org.apache.catalina.core.ApplicationFilterChain.internalDoFilter(ApplicationFilterChain.java:193)
	at org.apache.catalina.core.ApplicationFilterChain.doFilter(ApplicationFilterChain.java:166)
	at org.apache.catalina.core.StandardWrapperValve.invoke(StandardWrapperValve.java:202)
	at org.apache.catalina.core.StandardContextValve.invoke(StandardContextValve.java:97)
	at org.apache.catalina.authenticator.AuthenticatorBase.invoke(AuthenticatorBase.java:542)
	at org.apache.catalina.core.StandardHostValve.invoke(StandardHostValve.java:143)
	at org.apache.catalina.valves.ErrorReportValve.invoke(ErrorReportValve.java:92)
	at org.apache.catalina.valves.AbstractAccessLogValve.invoke(AbstractAccessLogValve.java:690)
	at org.apache.catalina.core.StandardEngineValve.invoke(StandardEngineValve.java:78)
	at org.apache.catalina.connector.CoyoteAdapter.service(CoyoteAdapter.java:343)
	at org.apache.coyote.http11.Http11Processor.service(Http11Processor.java:374)
	at org.apache.coyote.AbstractProcessorLight.process(AbstractProcessorLight.java:65)
	at org.apache.coyote.AbstractProtocol$ConnectionHandler.process(AbstractProtocol.java:868)
	at org.apache.tomcat.util.net.NioEndpoint$SocketProcessor.doRun(NioEndpoint.java:1590)
	at org.apache.tomcat.util.net.SocketProcessorBase.run(SocketProcessorBase.java:49)
	at java.util.concurrent.ThreadPoolExecutor.runWorker(ThreadPoolExecutor.java:1149)
	at java.util.concurrent.ThreadPoolExecutor$Worker.run(ThreadPoolExecutor.java:624)
	at org.apache.tomcat.util.threads.TaskThread$WrappingRunnable.run(TaskThread.java:61)
	at java.lang.Thread.run(Thread.java:750)
 | undefined
06/02/2023 12:53:48:608 ERROR - In Progress | session id:sess9852227 | BloodBank:Chennai_North |  | org.json.JSONException: JSONObject["responseBody"] not a string. | Exception stack trace | Error processing request
 EXCEPTION> 
org.json.JSONException: JSONObject["responseBody"] not a string.
	at org.json.JSONObject.getString(JSONObject.java:658)
	at org.util.ApiIntegration.ApiIntegrationList(ApiIntegration.java:50)
	at flow.Chennai_North.requestBegin(Chennai_North.java:146)
	at com.avaya.sce.runtime.AppDocument.processRequest(AppDocument.java:285)
	at com.avaya.sce.runtime.SCEServlet.requestHandler(SCEServlet.java:247)
	at com.avaya.sce.runtime.SCEServlet.doPost(SCEServlet.java:148)
	at javax.servlet.http.HttpServlet.service(HttpServlet.java:652)
	at javax.servlet.http.HttpServlet.service(HttpServlet.java:733)
	at org.apache.catalina.core.ApplicationFilterChain.internalDoFilter(ApplicationFilterChain.java:231)
	at org.apache.catalina.core.ApplicationFilterChain.doFilter(ApplicationFilterChain.java:166)
	at org.apache.tomcat.websocket.server.WsFilter.doFilter(WsFilter.java:53)
	at org.apache.catalina.core.ApplicationFilterChain.internalDoFilter(ApplicationFilterChain.java:193)
	at org.apache.catalina.core.ApplicationFilterChain.doFilter(ApplicationFilterChain.java:166)
	at org.apache.logging.log4j.web.Log4jServletFilter.doFilter(Log4jServletFilter.java:71)
	at org.apache.catalina.core.ApplicationFilterChain.internalDoFilter(ApplicationFilterChain.java:193)
	at org.apache.catalina.core.ApplicationFilterChain.doFilter(ApplicationFilterChain.java:166)
	at org.apache.catalina.core.StandardWrapperValve.invoke(StandardWrapperValve.java:202)
	at org.apache.catalina.core.StandardContextValve.invoke(StandardContextValve.java:97)
	at org.apache.catalina.authenticator.AuthenticatorBase.invoke(AuthenticatorBase.java:542)
	at org.apache.catalina.core.StandardHostValve.invoke(StandardHostValve.java:143)
	at org.apache.catalina.valves.ErrorReportValve.invoke(ErrorReportValve.java:92)
	at org.apache.catalina.valves.AbstractAccessLogValve.invoke(AbstractAccessLogValve.java:690)
	at org.apache.catalina.core.StandardEngineValve.invoke(StandardEngineValve.java:78)
	at org.apache.catalina.connector.CoyoteAdapter.service(CoyoteAdapter.java:343)
	at org.apache.coyote.http11.Http11Processor.service(Http11Processor.java:374)
	at org.apache.coyote.AbstractProcessorLight.process(AbstractProcessorLight.java:65)
	at org.apache.coyote.AbstractProtocol$ConnectionHandler.process(AbstractProtocol.java:868)
	at org.apache.tomcat.util.net.NioEndpoint$SocketProcessor.doRun(NioEndpoint.java:1590)
	at org.apache.tomcat.util.net.SocketProcessorBase.run(SocketProcessorBase.java:49)
	at java.util.concurrent.ThreadPoolExecutor.runWorker(ThreadPoolExecutor.java:1149)
	at java.util.concurrent.ThreadPoolExecutor$Worker.run(ThreadPoolExecutor.java:624)
	at org.apache.tomcat.util.threads.TaskThread$WrappingRunnable.run(TaskThread.java:61)
	at java.lang.Thread.run(Thread.java:750)
 | undefined
